


ARM Macro Assembler    Page 1 


    1 00000000                 AREA             Prog2, CODE, READONLY
    2 00000000                 ENTRY
    3 00000000 E3A0600C        MOV              r6, #12     ; load 10 into r6
    4 00000004 E1A04006        MOV              r4, r6      ; copy n into a tem
                                                            p register
    5 00000008 E2544001 
                       loop    SUBS             r4, r4, #1  ; decrement next mu
                                                            ltiplier
    6 0000000C 10060694        MULNE            r6, r4, r6  ; perform multiply
    7 00000010 1AFFFFFC        BNE              loop        ; go again if not c
                                                            omplete
    8 00000014 EAFFFFFE 
                       stop    B                stop
    9 00000018                 END
Command Line: --debug --xref --apcs=interwork --depend=.\factorial.d -o.\factor
ial.o -I"C:\Program Files\ARM\RV31\INC" -I"C:\Program Files\ARM\CMSIS\Include" 
-I"C:\Program Files\ARM\Inc\Philips" --predefine="__EVAL SETA 1" --list=.\facto
rial.lst Factorial.s



ARM Macro Assembler    Page 1 Alphabetic symbol ordering
Relocatable symbols

Prog2 00000000

Symbol: Prog2
   Definitions
      At line 1 in file Factorial.s
   Uses
      None
Comment: Prog2 unused
loop 00000008

Symbol: loop
   Definitions
      At line 5 in file Factorial.s
   Uses
      At line 7 in file Factorial.s
Comment: loop used once
stop 00000014

Symbol: stop
   Definitions
      At line 8 in file Factorial.s
   Uses
      At line 8 in file Factorial.s
Comment: stop used once
3 symbols
334 symbols in table
