


ARM Macro Assembler    Page 1 


    1 00000000                 AREA             ex1 , CODE , READONLY
    2 00000000                 ENTRY
    3 00000000         
    4 00000000        0 
                       hPointer
                               RN               0
    5 00000000        1 
                       xPointer
                               RN               1
    6 00000000        2 
                       hValue  RN               2
    7 00000000        3 
                       xValue  RN               3
    8 00000000        4 
                       multiply
                               RN               4
    9 00000000        5 
                       accumulate
                               RN               5
   10 00000000        6 
                       count   RN               6
   11 00000000        7 
                       overflow
                               RN               7
   12 00000000        8 
                       output  RN               8
   13 00000000         
   14 00000000 E28F003C        ADR              hPointer , hValues
   15 00000004 E28F1054        ADR              xPointer , xValues
   16 00000008 E3A06007        MOV              count , #7
   17 0000000C E3A05000        MOV              accumulate , #0
   18 00000010 E3A07000        MOV              overflow , #0
   19 00000014 E59F8060        LDR              output , =0x40000400
   20 00000018         
   21 00000018         loop
   22 00000018 E4902004        LDR              hValue , [hPointer] , #4
   23 0000001C E4913004        LDR              xValue , [xPointer] , #4
   24 00000020 E0040392        MUL              multiply , hValue , xValue
   25 00000024 E0955004        ADDS             accumulate , accumulate , multi
ply 
                                                            ; least significant
                                                             32bits of Q49.15
   26 00000028 63A07001        MOVVS            overflow , #1
   27 0000002C E2566001        SUBS             count , count , #1
   28 00000030 1AFFFFF8        BNE              loop
   29 00000034         
   30 00000034 E1A09005        MOV              r9 , accumulate
   31 00000038 E1A097C9        ASR              r9 , r9 , #15 
                                                            ; convert to Q32.0
   32 0000003C E5889000        STR              r9 , [output]
   33 00000040         
   34 00000040         stop
   35 00000040 EAFFFFFE        B                stop
   36 00000044         hValues
   37 00000044 FFFFFBE7 
              000004DD 
              00000625 
              FFFFF9DB 
              00000625 



ARM Macro Assembler    Page 2 


              000004DD 
              FFFFFBE7         DCD              0xFFFFFBE7 , 0x000004DD , 0x000
00625 , 0xFFFFF9DB , 0x00000625 , 0x000004DD , 0xFFFFFBE7
   38 00000060         xValues
   39 00000060 00000034 
              00000024 
              00000012 
              00000010 
              00000120 
              00000142 
              00000030         DCD              0x0034 , 0x0024 , 0x0012 , 0x00
10 , 0x0120 , 0x0142 , 0x0030
   40 0000007C         
   41 0000007C                 END
              40000400 
Command Line: --debug --xref --apcs=interwork --depend=.\ex1.d -o.\ex1.o -I"C:\
Program Files\ARM\RV31\INC" -I"C:\Program Files\ARM\CMSIS\Include" -I"C:\Progra
m Files\ARM\Inc\Philips" --predefine="__EVAL SETA 1" --list=.\ex1.lst ex1.s



ARM Macro Assembler    Page 1 Alphabetic symbol ordering
Relocatable symbols

ex1 00000000

Symbol: ex1
   Definitions
      At line 1 in file ex1.s
   Uses
      None
Comment: ex1 unused
hValues 00000044

Symbol: hValues
   Definitions
      At line 36 in file ex1.s
   Uses
      At line 14 in file ex1.s
Comment: hValues used once
loop 00000018

Symbol: loop
   Definitions
      At line 21 in file ex1.s
   Uses
      At line 28 in file ex1.s
Comment: loop used once
stop 00000040

Symbol: stop
   Definitions
      At line 34 in file ex1.s
   Uses
      At line 35 in file ex1.s
Comment: stop used once
xValues 00000060

Symbol: xValues
   Definitions
      At line 38 in file ex1.s
   Uses
      At line 15 in file ex1.s
Comment: xValues used once
5 symbols
347 symbols in table
