


ARM Macro Assembler    Page 1 


    1 00000000                 AREA             Ex2 , CODE , READONLY
    2 00000000                 ENTRY
    3 00000000         
    4 00000000        0 
                       hPointer
                               RN               0
    5 00000000        1 
                       xPointer
                               RN               1
    6 00000000        2 
                       hValue  RN               2
    7 00000000        3 
                       xValue  RN               3
    8 00000000        4 
                       multiply
                               RN               4
    9 00000000        5 
                       accumulate
                               RN               5
   10 00000000        6 
                       count   RN               6
   11 00000000        7 
                       overflow
                               RN               7
   12 00000000        8 
                       output  RN               8
   13 00000000         
   14 00000000 E59F00C0        LDR              hPointer , =0x40000200
   15 00000004 E59F10C0        LDR              xPointer , =0x40000300
   16 00000008 E59FD0C0        LDR              sp , =0x40000100
   17 0000000C E59F80C0        LDR              output , =0x40000400
   18 00000010         
   19 00000010 E59FB0C0        LDR              r11 , =0xFFFFFBE7
   20 00000014 E480B004        STR              r11 , [hPointer] , #4
   21 00000018 E59FB0BC        LDR              r11 , =0x000004DD
   22 0000001C E480B004        STR              r11 , [hPointer] , #4
   23 00000020 E59FB0B8        LDR              r11 , =0x00000625
   24 00000024 E480B004        STR              r11 , [hPointer] , #4
   25 00000028 E59FB0B4        LDR              r11 , =0xFFFFF9DB
   26 0000002C E480B004        STR              r11 , [hPointer] , #4
   27 00000030 E59FB0A8        LDR              r11 , =0x00000625
   28 00000034 E480B004        STR              r11 , [hPointer] , #4
   29 00000038 E59FB09C        LDR              r11 , =0x000004DD
   30 0000003C E480B004        STR              r11 , [hPointer] , #4
   31 00000040 E59FB090        LDR              r11 , =0xFFFFFBE7
   32 00000044 E480B004        STR              r11 , [hPointer] , #4
   33 00000048         
   34 00000048 E3A0B034        LDR              r11 , =0x0034
   35 0000004C E481B004        STR              r11 , [xPointer] , #4
   36 00000050 E3A0B024        LDR              r11 , =0x0024
   37 00000054 E481B004        STR              r11 , [xPointer] , #4
   38 00000058 E3A0B012        LDR              r11 , =0x0012
   39 0000005C E481B004        STR              r11 , [xPointer] , #4
   40 00000060 E3A0B010        LDR              r11 , =0x0010
   41 00000064 E481B004        STR              r11 , [xPointer] , #4
   42 00000068 E3A0BE12        LDR              r11 , =0x0120
   43 0000006C E481B004        STR              r11 , [xPointer] , #4
   44 00000070 E59FB070        LDR              r11 , =0x0142
   45 00000074 E481B004        STR              r11 , [xPointer] , #4



ARM Macro Assembler    Page 2 


   46 00000078 E3A0B030        LDR              r11 , =0x0030
   47 0000007C E481B004        STR              r11 , [xPointer] , #4
   48 00000080         
   49 00000080 E59F0040        LDR              hPointer , =0x40000200
   50 00000084 E59F1040        LDR              xPointer , =0x40000300
   51 00000088 E3A06007        MOV              count , #7
   52 0000008C E3A05000        MOV              accumulate , #0
   53 00000090         
   54 00000090 E92D0063        STMFD            sp! , {hPointer , xPointer , co
unt , accumulate}
   55 00000094 EB000002        BL               calculate
   56 00000098 E1A057C5        ASR              accumulate , accumulate , #15
   57 0000009C E5885000        STR              accumulate , [output]
   58 000000A0         stop
   59 000000A0 EAFFFFFE        B                stop
   60 000000A4         
   61 000000A4         
   62 000000A4         calculate
   63 000000A4 E8BD0063        LDMFD            sp! , {hPointer , xPointer , co
unt , accumulate}
   64 000000A8         loop
   65 000000A8 E4902004        LDR              hValue , [hPointer] , #4
   66 000000AC E4913004        LDR              xValue , [xPointer] , #4
   67 000000B0 E0040392        MUL              multiply , hValue , xValue
   68 000000B4 E0955004        ADDS             accumulate , accumulate , multi
ply 
                                                            ; least significant
                                                             32bits of Q49.15
   69 000000B8 63A07001        MOVVS            overflow , #1
   70 000000BC E2566001        SUBS             count , count , #1
   71 000000C0 1AFFFFF8        BNE              loop
   72 000000C4 E12FFF1E        BX               lr
   73 000000C8         
   74 000000C8                 END
              40000200 
              40000300 
              40000100 
              40000400 
              FFFFFBE7 
              000004DD 
              00000625 
              FFFFF9DB 
              00000142 
Command Line: --debug --xref --apcs=interwork --depend=.\ex2.d -o.\ex2.o -I"C:\
Program Files\ARM\RV31\INC" -I"C:\Program Files\ARM\CMSIS\Include" -I"C:\Progra
m Files\ARM\Inc\Philips" --predefine="__EVAL SETA 1" --list=.\ex2.lst Ex2.s



ARM Macro Assembler    Page 1 Alphabetic symbol ordering
Relocatable symbols

Ex2 00000000

Symbol: Ex2
   Definitions
      At line 1 in file Ex2.s
   Uses
      None
Comment: Ex2 unused
calculate 000000A4

Symbol: calculate
   Definitions
      At line 62 in file Ex2.s
   Uses
      At line 55 in file Ex2.s
Comment: calculate used once
loop 000000A8

Symbol: loop
   Definitions
      At line 64 in file Ex2.s
   Uses
      At line 71 in file Ex2.s
Comment: loop used once
stop 000000A0

Symbol: stop
   Definitions
      At line 58 in file Ex2.s
   Uses
      At line 59 in file Ex2.s
Comment: stop used once
4 symbols
346 symbols in table
