


ARM Macro Assembler    Page 1 


    1 00000000                 AREA             Qn4 , CODE , READONLY
    2 00000000                 ENTRY
    3 00000000         
    4 00000000 E28F0038        ADR              r0 , list
    5 00000004 E3A01000        MOV              r1 , #0
    6 00000008 E59FD040        LDR              sp , =0x40000000
    7 0000000C EB000000        BL               add4
    8 00000010         stop
    9 00000010 EAFFFFFE        B                stop
   10 00000014         
   11 00000014         
   12 00000014         add4
   13 00000014 E8AD4000        STMEA            sp! , {lr}
   14 00000018 E3A02000        MOV              r2 , #0
   15 0000001C E3A04003        MOV              r4 , #3
   16 00000020         loop
   17 00000020 E7903104        LDR              r3 , [r0 , r4 , LSL #2]
   18 00000024 EB000003        BL               square
   19 00000028 E0811002        ADD              r1 , r1 , r2
   20 0000002C E2544001        SUBS             r4 , r4 , #1
   21 00000030 5AFFFFFA        BPL              loop
   22 00000034 E93D8000        LDMEA            sp! , {pc}
   23 00000038         
   24 00000038         square
   25 00000038 E0020393        MUL              r2 , r3 , r3
   26 0000003C E12FFF1E        BX               lr
   27 00000040         
   28 00000040         list
   29 00000040 00000001 
              00000002 
              00000003 
              00000004         DCD              1 , 2 , 3 , 4
   30 00000050         
   31 00000050         
   32 00000050         
   33 00000050         
   34 00000050                 END
              40000000 
Command Line: --debug --xref --apcs=interwork --depend=.\qn4.d -o.\qn4.o -I"C:\
Program Files\ARM\RV31\INC" -I"C:\Program Files\ARM\CMSIS\Include" -I"C:\Progra
m Files\ARM\Inc\Philips" --predefine="__EVAL SETA 1" --list=.\qn4.lst Qn4.s



ARM Macro Assembler    Page 1 Alphabetic symbol ordering
Relocatable symbols

Qn4 00000000

Symbol: Qn4
   Definitions
      At line 1 in file Qn4.s
   Uses
      None
Comment: Qn4 unused
add4 00000014

Symbol: add4
   Definitions
      At line 12 in file Qn4.s
   Uses
      At line 7 in file Qn4.s
Comment: add4 used once
list 00000040

Symbol: list
   Definitions
      At line 28 in file Qn4.s
   Uses
      At line 4 in file Qn4.s
Comment: list used once
loop 00000020

Symbol: loop
   Definitions
      At line 16 in file Qn4.s
   Uses
      At line 21 in file Qn4.s
Comment: loop used once
square 00000038

Symbol: square
   Definitions
      At line 24 in file Qn4.s
   Uses
      At line 18 in file Qn4.s
Comment: square used once
stop 00000010

Symbol: stop
   Definitions
      At line 8 in file Qn4.s
   Uses
      At line 9 in file Qn4.s
Comment: stop used once
6 symbols
339 symbols in table
