


ARM Macro Assembler    Page 1 


    1 00000000                 AREA             Qn2 , CODE , READONLY
    2 00000000                 ENTRY
    3 00000000         
    4 00000000        0 
                       pointer RN               0
    5 00000000        1 
                       search  RN               1
    6 00000000        2 
                       length  RN               2
    7 00000000        3 
                       counter RN               3
    8 00000000        4 
                       value   RN               4
    9 00000000         
   10 00000000 E59F1028        LDR              search , =0x9ABCDEF0
   11 00000004 E59F0028        LDR              pointer , =table
   12 00000008 E4902004        LDR              length , [pointer] , #4
   13 0000000C E3A03001        MOV              counter , #1
   14 00000010         loop
   15 00000010 E4904004        LDR              value , [pointer] , #4
   16 00000014 E1540001        CMP              value , search
   17 00000018 0A000003        BEQ              done
   18 0000001C E2833001        ADD              counter , counter , #1
   19 00000020 E1530002        CMP              counter , length
   20 00000024 1AFFFFF9        BNE              loop
   21 00000028 E5801000        STR              search , [pointer]
   22 0000002C         done
   23 0000002C         stop
   24 0000002C EAFFFFFE        B                stop
   25 00000030         
   26 00000030 9ABCDEF0 
              00000000         AREA             data , DATA , READWRITE
   27 00000000         table
   28 00000000 00000005        DCD              5
   29 00000004 00000001 
              00000002 
              00000003 
              00000004         DCD              1 , 2 , 3 , 4
   30 00000014 00 00 00 
              00 00 00 
              00 00 00 
              00 00 00 
              00 00 00 
              00 00 00 
              00 00            SPACE            20
   31 00000028         
   32 00000028                 END
Command Line: --debug --xref --apcs=interwork --depend=.\qn2.d -o.\qn2.o -I"C:\
Program Files\ARM\RV31\INC" -I"C:\Program Files\ARM\CMSIS\Include" -I"C:\Progra
m Files\ARM\Inc\Philips" --predefine="__EVAL SETA 1" --list=.\qn2.lst Qn2.s



ARM Macro Assembler    Page 1 Alphabetic symbol ordering
Relocatable symbols

Qn2 00000000

Symbol: Qn2
   Definitions
      At line 1 in file Qn2.s
   Uses
      None
Comment: Qn2 unused
done 0000002C

Symbol: done
   Definitions
      At line 22 in file Qn2.s
   Uses
      At line 17 in file Qn2.s
Comment: done used once
loop 00000010

Symbol: loop
   Definitions
      At line 14 in file Qn2.s
   Uses
      At line 20 in file Qn2.s
Comment: loop used once
stop 0000002C

Symbol: stop
   Definitions
      At line 23 in file Qn2.s
   Uses
      At line 24 in file Qn2.s
Comment: stop used once
4 symbols



ARM Macro Assembler    Page 1 Alphabetic symbol ordering
Relocatable symbols

data 00000000

Symbol: data
   Definitions
      At line 26 in file Qn2.s
   Uses
      None
Comment: data unused
table 00000000

Symbol: table
   Definitions
      At line 27 in file Qn2.s
   Uses
      At line 11 in file Qn2.s
Comment: table used once
2 symbols
344 symbols in table
